This file contains any messages produced by compilers while
running configure, to aid debugging if configure makes a mistake.

It was created by FULL-PACKAGE-NAME configure VERSION, which was
generated by GNU Autoconf 2.69.  Invocation command line was

  $ ./configure 

## --------- ##
## Platform. ##
## --------- ##

hostname = KhandakerMBP.local
uname -m = x86_64
uname -r = 16.7.0
uname -s = Darwin
uname -v = Darwin Kernel Version 16.7.0: Thu Jan 11 22:59:40 PST 2018; root:xnu-3789.73.8~1/RELEASE_X86_64

/usr/bin/uname -p = i386
/bin/uname -X     = unknown

/bin/arch              = unknown
/usr/bin/arch -k       = unknown
/usr/convex/getsysinfo = unknown
/usr/bin/hostinfo      = Mach kernel version:
	 Darwin Kernel Version 16.7.0: Thu Jan 11 22:59:40 PST 2018; root:xnu-3789.73.8~1/RELEASE_X86_64
Kernel configured for up to 4 processors.
2 processors are physically available.
4 processors are logically available.
Processor type: x86_64h (Intel x86-64h Haswell)
Processors active: 0 1 2 3
Primary memory available: 16.00 gigabytes
Default processor set: 363 tasks, 1725 threads, 4 processors
Load average: 1.72, Mach factor: 2.27
/bin/machine           = unknown
/usr/bin/oslevel       = unknown
/bin/universe          = unknown

PATH: /anaconda3/bin
PATH: /Library/Frameworks/Python.framework/Versions/3.5/bin
PATH: /Users/khandaker/.cargo/bin
PATH: /Users/khandaker/anaconda/bin
PATH: /Users/khandaker/.rbenv/shims
PATH: /usr/local/bin
PATH: /usr/bin
PATH: /bin
PATH: /usr/sbin
PATH: /sbin
PATH: /opt/X11/bin
PATH: /Library/TeX/texbin
PATH: /Applications/Wireshark.app/Contents/MacOS


## ----------- ##
## Core tests. ##
## ----------- ##

configure:2633: checking for a BSD-compatible install
configure:2701: result: /usr/bin/install -c
configure:2712: checking whether build environment is sane
configure:2767: result: yes
configure:2918: checking for a thread-safe mkdir -p
configure:2957: result: ./install-sh -c -d
configure:2964: checking for gawk
configure:2994: result: no
configure:2964: checking for mawk
configure:2994: result: no
configure:2964: checking for nawk
configure:2994: result: no
configure:2964: checking for awk
configure:2980: found /usr/bin/awk
configure:2991: result: awk
configure:3002: checking whether make sets $(MAKE)
configure:3024: result: yes
configure:3053: checking whether make supports nested variables
configure:3070: result: yes
configure:3220: checking build system type
configure:3234: result: x86_64-apple-darwin16.7.0
configure:3254: checking host system type
configure:3267: result: x86_64-apple-darwin16.7.0
configure:3308: checking how to print strings
configure:3335: result: printf
configure:3368: checking for style of include used by make
configure:3396: result: GNU
configure:3467: checking for gcc
configure:3483: found /usr/local/bin/gcc
configure:3494: result: gcc
configure:3723: checking for C compiler version
configure:3732: gcc --version >&5
gcc (GCC) 7.1.0
Copyright (C) 2017 Free Software Foundation, Inc.
This is free software; see the source for copying conditions.  There is NO
warranty; not even for MERCHANTABILITY or FITNESS FOR A PARTICULAR PURPOSE.

configure:3743: $? = 0
configure:3732: gcc -v >&5
Using built-in specs.
COLLECT_GCC=gcc
COLLECT_LTO_WRAPPER=/usr/local/libexec/gcc/x86_64-apple-darwin15.6.0/7.1.0/lto-wrapper
Target: x86_64-apple-darwin15.6.0
Configured with: ../gcc-7.1.0/configure --enable-languages=c++,fortran
Thread model: posix
gcc version 7.1.0 (GCC) 
configure:3743: $? = 0
configure:3732: gcc -V >&5
gcc: error: unrecognized command line option '-V'
gcc: fatal error: no input files
compilation terminated.
configure:3743: $? = 1
configure:3732: gcc -qversion >&5
gcc: error: unrecognized command line option '-qversion'; did you mean '--version'?
gcc: fatal error: no input files
compilation terminated.
configure:3743: $? = 1
configure:3763: checking whether the C compiler works
configure:3785: gcc    conftest.c  >&5
configure:3789: $? = 0
configure:3837: result: yes
configure:3840: checking for C compiler default output file name
configure:3842: result: a.out
configure:3848: checking for suffix of executables
configure:3855: gcc -o conftest    conftest.c  >&5
configure:3859: $? = 0
configure:3881: result: 
configure:3903: checking whether we are cross compiling
configure:3911: gcc -o conftest    conftest.c  >&5
configure:3915: $? = 0
configure:3922: ./conftest
configure:3926: $? = 0
configure:3941: result: no
configure:3946: checking for suffix of object files
configure:3968: gcc -c   conftest.c >&5
configure:3972: $? = 0
configure:3993: result: o
configure:3997: checking whether we are using the GNU C compiler
configure:4016: gcc -c   conftest.c >&5
configure:4016: $? = 0
configure:4025: result: yes
configure:4034: checking whether gcc accepts -g
configure:4054: gcc -c -g  conftest.c >&5
configure:4054: $? = 0
configure:4095: result: yes
configure:4112: checking for gcc option to accept ISO C89
configure:4175: gcc  -c -g -O2  conftest.c >&5
configure:4175: $? = 0
configure:4188: result: none needed
configure:4213: checking whether gcc understands -c and -o together
configure:4235: gcc -c conftest.c -o conftest2.o
configure:4238: $? = 0
configure:4235: gcc -c conftest.c -o conftest2.o
configure:4238: $? = 0
configure:4250: result: yes
configure:4269: checking dependency style of gcc
configure:4380: result: gcc3
configure:4395: checking for a sed that does not truncate output
configure:4459: result: /usr/bin/sed
configure:4477: checking for grep that handles long lines and -e
configure:4535: result: /usr/bin/grep
configure:4540: checking for egrep
configure:4602: result: /usr/bin/grep -E
configure:4607: checking for fgrep
configure:4669: result: /usr/bin/grep -F
configure:4704: checking for ld used by gcc
configure:4771: result: /usr/bin/ld
configure:4778: checking if the linker (/usr/bin/ld) is GNU ld
configure:4793: result: no
configure:4805: checking for BSD- or MS-compatible name lister (nm)
configure:4859: result: /usr/bin/nm -B
configure:4989: checking the name lister (/usr/bin/nm -B) interface
configure:4996: gcc -c -g -O2  conftest.c >&5
configure:4999: /usr/bin/nm -B "conftest.o"
configure:5002: output
00000000000001a0 S _some_variable
configure:5009: result: BSD nm
configure:5012: checking whether ln -s works
configure:5016: result: yes
configure:5024: checking the maximum length of command line arguments
configure:5155: result: 196608
configure:5203: checking how to convert x86_64-apple-darwin16.7.0 file names to x86_64-apple-darwin16.7.0 format
configure:5243: result: func_convert_file_noop
configure:5250: checking how to convert x86_64-apple-darwin16.7.0 file names to toolchain format
configure:5270: result: func_convert_file_noop
configure:5277: checking for /usr/bin/ld option to reload object files
configure:5284: result: -r
configure:5358: checking for objdump
configure:5374: found /usr/bin/objdump
configure:5385: result: objdump
configure:5417: checking how to recognize dependent libraries
configure:5617: result: pass_all
configure:5702: checking for dlltool
configure:5732: result: no
configure:5762: checking how to associate runtime and link libraries
configure:5789: result: printf %s\n
configure:5850: checking for ar
configure:5866: found /usr/bin/ar
configure:5877: result: ar
configure:5914: checking for archiver @FILE support
configure:5931: gcc -c -g -O2  conftest.c >&5
configure:5931: $? = 0
configure:5934: ar cru libconftest.a @conftest.lst >&5
ar: @conftest.lst: No such file or directory
configure:5937: $? = 1
configure:5957: result: no
configure:6015: checking for strip
configure:6031: found /usr/bin/strip
configure:6042: result: strip
configure:6114: checking for ranlib
configure:6130: found /usr/bin/ranlib
configure:6141: result: ranlib
configure:6243: checking command to parse /usr/bin/nm -B output from gcc object
configure:6396: gcc -c -g -O2  conftest.c >&5
configure:6399: $? = 0
configure:6403: /usr/bin/nm -B conftest.o \| sed -n -e 's/^.*[ ]\([BCDEGRST][BCDEGRST]*\)[ ][ ]*\([_A-Za-z][_A-Za-z0-9]*\)$/\1 \2 \2/p' | sed '/ __gnu_lto/d' \> conftest.nm
configure:6406: $? = 0
cannot find nm_test_var in conftest.nm
configure:6396: gcc -c -g -O2  conftest.c >&5
configure:6399: $? = 0
configure:6403: /usr/bin/nm -B conftest.o \| sed -n -e 's/^.*[ ]\([BCDEGRST][BCDEGRST]*\)[ ][ ]*_\([_A-Za-z][_A-Za-z0-9]*\)$/\1 _\2 \2/p' | sed '/ __gnu_lto/d' \> conftest.nm
configure:6406: $? = 0
configure:6472: gcc -o conftest -g -O2   conftest.c conftstm.o >&5
warning: (x86_64)  could not find object file symbol for symbol _main
configure:6475: $? = 0
configure:6513: result: ok
configure:6560: checking for sysroot
configure:6590: result: no
configure:6597: checking for a working dd
configure:6635: result: /bin/dd
configure:6639: checking how to truncate binary pipes
configure:6654: result: /bin/dd bs=4096 count=1
configure:6983: checking for mt
configure:7013: result: no
configure:7033: checking if : is a manifest tool
configure:7039: : '-?'
configure:7047: result: no
configure:7103: checking for dsymutil
configure:7119: found /usr/bin/dsymutil
configure:7130: result: dsymutil
configure:7195: checking for nmedit
configure:7211: found /usr/bin/nmedit
configure:7222: result: nmedit
configure:7287: checking for lipo
configure:7303: found /usr/bin/lipo
configure:7314: result: lipo
configure:7379: checking for otool
configure:7395: found /usr/bin/otool
configure:7406: result: otool
configure:7471: checking for otool64
configure:7501: result: no
configure:7546: checking for -single_module linker flag
gcc -g -O2  -o libconftest.dylib -dynamiclib -Wl,-single_module conftest.c
configure:7579: result: yes
configure:7582: checking for -exported_symbols_list linker flag
configure:7602: gcc -o conftest -g -O2   -Wl,-exported_symbols_list,conftest.sym conftest.c  >&5
configure:7602: $? = 0
configure:7612: result: yes
configure:7615: checking for -force_load linker flag
gcc -g -O2 -c -o conftest.o conftest.c
ar cru libconftest.a conftest.o
ranlib libconftest.a
gcc -g -O2  -o conftest conftest.c -Wl,-force_load,./libconftest.a
configure:7647: result: yes
configure:7724: checking how to run the C preprocessor
configure:7755: gcc -E  conftest.c
configure:7755: $? = 0
configure:7769: gcc -E  conftest.c
conftest.c:9:10: fatal error: ac_nonexistent.h: No such file or directory
 #include <ac_nonexistent.h>
          ^~~~~~~~~~~~~~~~~~
compilation terminated.
configure:7769: $? = 1
configure: failed program was:
| /* confdefs.h */
| #define PACKAGE_NAME "FULL-PACKAGE-NAME"
| #define PACKAGE_TARNAME "full-package-name"
| #define PACKAGE_VERSION "VERSION"
| #define PACKAGE_STRING "FULL-PACKAGE-NAME VERSION"
| #define PACKAGE_BUGREPORT "BUG-REPORT-ADDRESS"
| #define PACKAGE_URL ""
| /* end confdefs.h.  */
| #include <ac_nonexistent.h>
configure:7794: result: gcc -E
configure:7814: gcc -E  conftest.c
configure:7814: $? = 0
configure:7828: gcc -E  conftest.c
conftest.c:9:10: fatal error: ac_nonexistent.h: No such file or directory
 #include <ac_nonexistent.h>
          ^~~~~~~~~~~~~~~~~~
compilation terminated.
configure:7828: $? = 1
configure: failed program was:
| /* confdefs.h */
| #define PACKAGE_NAME "FULL-PACKAGE-NAME"
| #define PACKAGE_TARNAME "full-package-name"
| #define PACKAGE_VERSION "VERSION"
| #define PACKAGE_STRING "FULL-PACKAGE-NAME VERSION"
| #define PACKAGE_BUGREPORT "BUG-REPORT-ADDRESS"
| #define PACKAGE_URL ""
| /* end confdefs.h.  */
| #include <ac_nonexistent.h>
configure:7857: checking for ANSI C header files
configure:7877: gcc -c -g -O2  conftest.c >&5
configure:7877: $? = 0
configure:7950: gcc -o conftest -g -O2   conftest.c  >&5
configure:7950: $? = 0
configure:7950: ./conftest
configure:7950: $? = 0
configure:7961: result: yes
configure:7974: checking for sys/types.h
configure:7974: gcc -c -g -O2  conftest.c >&5
configure:7974: $? = 0
configure:7974: result: yes
configure:7974: checking for sys/stat.h
configure:7974: gcc -c -g -O2  conftest.c >&5
configure:7974: $? = 0
configure:7974: result: yes
configure:7974: checking for stdlib.h
configure:7974: gcc -c -g -O2  conftest.c >&5
configure:7974: $? = 0
configure:7974: result: yes
configure:7974: checking for string.h
configure:7974: gcc -c -g -O2  conftest.c >&5
configure:7974: $? = 0
configure:7974: result: yes
configure:7974: checking for memory.h
configure:7974: gcc -c -g -O2  conftest.c >&5
configure:7974: $? = 0
configure:7974: result: yes
configure:7974: checking for strings.h
configure:7974: gcc -c -g -O2  conftest.c >&5
configure:7974: $? = 0
configure:7974: result: yes
configure:7974: checking for inttypes.h
configure:7974: gcc -c -g -O2  conftest.c >&5
configure:7974: $? = 0
configure:7974: result: yes
configure:7974: checking for stdint.h
configure:7974: gcc -c -g -O2  conftest.c >&5
configure:7974: $? = 0
configure:7974: result: yes
configure:7974: checking for unistd.h
configure:7974: gcc -c -g -O2  conftest.c >&5
configure:7974: $? = 0
configure:7974: result: yes
configure:7988: checking for dlfcn.h
configure:7988: gcc -c -g -O2  conftest.c >&5
configure:7988: $? = 0
configure:7988: result: yes
configure:8244: checking for objdir
configure:8259: result: .libs
configure:8523: checking if gcc supports -fno-rtti -fno-exceptions
configure:8541: gcc -c -g -O2  -fno-rtti -fno-exceptions conftest.c >&5
cc1: warning: command line option '-fno-rtti' is valid for C++/ObjC++ but not for C
configure:8545: $? = 0
configure:8558: result: no
configure:8916: checking for gcc option to produce PIC
configure:8923: result: -fno-common -DPIC
configure:8931: checking if gcc PIC flag -fno-common -DPIC works
configure:8949: gcc -c -g -O2  -fno-common -DPIC -DPIC conftest.c >&5
configure:8953: $? = 0
configure:8966: result: yes
configure:8995: checking if gcc static flag -static works
configure:9023: result: no
configure:9038: checking if gcc supports -c -o file.o
configure:9059: gcc -c -g -O2  -o out/conftest2.o conftest.c >&5
configure:9063: $? = 0
configure:9085: result: yes
configure:9093: checking if gcc supports -c -o file.o
configure:9140: result: yes
configure:9173: checking whether the gcc linker (/usr/bin/ld) supports shared libraries
configure:10432: result: yes
configure:10672: checking dynamic linker characteristics
configure:11490: result: darwin16.7.0 dyld
configure:11612: checking how to hardcode library paths into programs
configure:11637: result: immediate
configure:12185: checking whether stripping libraries is possible
configure:12199: result: yes
configure:12225: checking if libtool supports shared libraries
configure:12227: result: yes
configure:12230: checking whether to build shared libraries
configure:12255: result: yes
configure:12258: checking whether to build static libraries
configure:12262: result: yes
configure:12367: checking dependency style of gcc
configure:12478: result: gcc3
configure:12598: checking for g++
configure:12614: found /usr/local/bin/g++
configure:12625: result: g++
configure:12652: checking for C++ compiler version
configure:12661: g++ --version >&5
g++ (GCC) 7.1.0
Copyright (C) 2017 Free Software Foundation, Inc.
This is free software; see the source for copying conditions.  There is NO
warranty; not even for MERCHANTABILITY or FITNESS FOR A PARTICULAR PURPOSE.

configure:12672: $? = 0
configure:12661: g++ -v >&5
Using built-in specs.
COLLECT_GCC=g++
COLLECT_LTO_WRAPPER=/usr/local/libexec/gcc/x86_64-apple-darwin15.6.0/7.1.0/lto-wrapper
Target: x86_64-apple-darwin15.6.0
Configured with: ../gcc-7.1.0/configure --enable-languages=c++,fortran
Thread model: posix
gcc version 7.1.0 (GCC) 
configure:12672: $? = 0
configure:12661: g++ -V >&5
g++: error: unrecognized command line option '-V'
g++: fatal error: no input files
compilation terminated.
configure:12672: $? = 1
configure:12661: g++ -qversion >&5
g++: error: unrecognized command line option '-qversion'; did you mean '--version'?
g++: fatal error: no input files
compilation terminated.
configure:12672: $? = 1
configure:12676: checking whether we are using the GNU C++ compiler
configure:12695: g++ -c   conftest.cpp >&5
configure:12695: $? = 0
configure:12704: result: yes
configure:12713: checking whether g++ accepts -g
configure:12733: g++ -c -g  conftest.cpp >&5
configure:12733: $? = 0
configure:12774: result: yes
configure:12799: checking dependency style of g++
configure:12910: result: gcc3
configure:12943: checking how to run the C++ preprocessor
configure:12970: g++ -E  conftest.cpp
configure:12970: $? = 0
configure:12984: g++ -E  conftest.cpp
conftest.cpp:21:10: fatal error: ac_nonexistent.h: No such file or directory
 #include <ac_nonexistent.h>
          ^~~~~~~~~~~~~~~~~~
compilation terminated.
configure:12984: $? = 1
configure: failed program was:
| /* confdefs.h */
| #define PACKAGE_NAME "FULL-PACKAGE-NAME"
| #define PACKAGE_TARNAME "full-package-name"
| #define PACKAGE_VERSION "VERSION"
| #define PACKAGE_STRING "FULL-PACKAGE-NAME VERSION"
| #define PACKAGE_BUGREPORT "BUG-REPORT-ADDRESS"
| #define PACKAGE_URL ""
| #define STDC_HEADERS 1
| #define HAVE_SYS_TYPES_H 1
| #define HAVE_SYS_STAT_H 1
| #define HAVE_STDLIB_H 1
| #define HAVE_STRING_H 1
| #define HAVE_MEMORY_H 1
| #define HAVE_STRINGS_H 1
| #define HAVE_INTTYPES_H 1
| #define HAVE_STDINT_H 1
| #define HAVE_UNISTD_H 1
| #define HAVE_DLFCN_H 1
| #define LT_OBJDIR ".libs/"
| /* end confdefs.h.  */
| #include <ac_nonexistent.h>
configure:13009: result: g++ -E
configure:13029: g++ -E  conftest.cpp
configure:13029: $? = 0
configure:13043: g++ -E  conftest.cpp
conftest.cpp:21:10: fatal error: ac_nonexistent.h: No such file or directory
 #include <ac_nonexistent.h>
          ^~~~~~~~~~~~~~~~~~
compilation terminated.
configure:13043: $? = 1
configure: failed program was:
| /* confdefs.h */
| #define PACKAGE_NAME "FULL-PACKAGE-NAME"
| #define PACKAGE_TARNAME "full-package-name"
| #define PACKAGE_VERSION "VERSION"
| #define PACKAGE_STRING "FULL-PACKAGE-NAME VERSION"
| #define PACKAGE_BUGREPORT "BUG-REPORT-ADDRESS"
| #define PACKAGE_URL ""
| #define STDC_HEADERS 1
| #define HAVE_SYS_TYPES_H 1
| #define HAVE_SYS_STAT_H 1
| #define HAVE_STDLIB_H 1
| #define HAVE_STRING_H 1
| #define HAVE_MEMORY_H 1
| #define HAVE_STRINGS_H 1
| #define HAVE_INTTYPES_H 1
| #define HAVE_STDINT_H 1
| #define HAVE_UNISTD_H 1
| #define HAVE_DLFCN_H 1
| #define LT_OBJDIR ".libs/"
| /* end confdefs.h.  */
| #include <ac_nonexistent.h>
configure:13205: checking for ld used by g++
configure:13272: result: /usr/bin/ld
configure:13279: checking if the linker (/usr/bin/ld) is GNU ld
configure:13294: result: no
configure:13349: checking whether the g++ linker (/usr/bin/ld) supports shared libraries
configure:14422: result: yes
configure:14458: g++ -c -g -O2  conftest.cpp >&5
configure:14461: $? = 0
configure:14942: checking for g++ option to produce PIC
configure:14949: result: -fno-common -DPIC
configure:14957: checking if g++ PIC flag -fno-common -DPIC works
configure:14975: g++ -c -g -O2  -fno-common -DPIC -DPIC conftest.cpp >&5
configure:14979: $? = 0
configure:14992: result: yes
configure:15015: checking if g++ static flag -static works
configure:15043: result: no
configure:15055: checking if g++ supports -c -o file.o
configure:15076: g++ -c -g -O2  -o out/conftest2.o conftest.cpp >&5
configure:15080: $? = 0
configure:15102: result: yes
configure:15107: checking if g++ supports -c -o file.o
configure:15154: result: yes
configure:15184: checking whether the g++ linker (/usr/bin/ld) supports shared libraries
configure:15224: result: yes
configure:15365: checking dynamic linker characteristics
configure:16110: result: darwin16.7.0 dyld
configure:16175: checking how to hardcode library paths into programs
configure:16200: result: immediate
configure:16242: checking dependency style of g++
configure:16353: result: gcc3
configure:16416: checking for gcc
configure:16443: result: gcc
configure:16672: checking for C compiler version
configure:16681: gcc --version >&5
gcc (GCC) 7.1.0
Copyright (C) 2017 Free Software Foundation, Inc.
This is free software; see the source for copying conditions.  There is NO
warranty; not even for MERCHANTABILITY or FITNESS FOR A PARTICULAR PURPOSE.

configure:16692: $? = 0
configure:16681: gcc -v >&5
Using built-in specs.
COLLECT_GCC=gcc
COLLECT_LTO_WRAPPER=/usr/local/libexec/gcc/x86_64-apple-darwin15.6.0/7.1.0/lto-wrapper
Target: x86_64-apple-darwin15.6.0
Configured with: ../gcc-7.1.0/configure --enable-languages=c++,fortran
Thread model: posix
gcc version 7.1.0 (GCC) 
configure:16692: $? = 0
configure:16681: gcc -V >&5
gcc: error: unrecognized command line option '-V'
gcc: fatal error: no input files
compilation terminated.
configure:16692: $? = 1
configure:16681: gcc -qversion >&5
gcc: error: unrecognized command line option '-qversion'; did you mean '--version'?
gcc: fatal error: no input files
compilation terminated.
configure:16692: $? = 1
configure:16696: checking whether we are using the GNU C compiler
configure:16724: result: yes
configure:16733: checking whether gcc accepts -g
configure:16794: result: yes
configure:16811: checking for gcc option to accept ISO C89
configure:16887: result: none needed
configure:16912: checking whether gcc understands -c and -o together
configure:16949: result: yes
configure:16968: checking dependency style of gcc
configure:17079: result: gcc3
configure:17099: checking how to run the C preprocessor
configure:17169: result: gcc -E
configure:17189: gcc -E  conftest.c
configure:17189: $? = 0
configure:17203: gcc -E  conftest.c
conftest.c:21:10: fatal error: ac_nonexistent.h: No such file or directory
 #include <ac_nonexistent.h>
          ^~~~~~~~~~~~~~~~~~
compilation terminated.
configure:17203: $? = 1
configure: failed program was:
| /* confdefs.h */
| #define PACKAGE_NAME "FULL-PACKAGE-NAME"
| #define PACKAGE_TARNAME "full-package-name"
| #define PACKAGE_VERSION "VERSION"
| #define PACKAGE_STRING "FULL-PACKAGE-NAME VERSION"
| #define PACKAGE_BUGREPORT "BUG-REPORT-ADDRESS"
| #define PACKAGE_URL ""
| #define STDC_HEADERS 1
| #define HAVE_SYS_TYPES_H 1
| #define HAVE_SYS_STAT_H 1
| #define HAVE_STDLIB_H 1
| #define HAVE_STRING_H 1
| #define HAVE_MEMORY_H 1
| #define HAVE_STRINGS_H 1
| #define HAVE_INTTYPES_H 1
| #define HAVE_STDINT_H 1
| #define HAVE_UNISTD_H 1
| #define HAVE_DLFCN_H 1
| #define LT_OBJDIR ".libs/"
| /* end confdefs.h.  */
| #include <ac_nonexistent.h>
configure:17232: checking whether ln -s works
configure:17236: result: yes
configure:17243: checking whether make sets $(MAKE)
configure:17265: result: yes
configure:17278: checking for ANSI C header files
configure:17382: result: yes
configure:17393: checking for stdlib.h
configure:17393: result: yes
configure:17393: checking for string.h
configure:17393: result: yes
configure:17393: checking gmp.h usability
configure:17393: gcc -c -g -O2  conftest.c >&5
configure:17393: $? = 0
configure:17393: result: yes
configure:17393: checking gmp.h presence
configure:17393: gcc -E  conftest.c
configure:17393: $? = 0
configure:17393: result: yes
configure:17393: checking for gmp.h
configure:17393: result: yes
configure:17405: checking for an ANSI C-conforming const
configure:17471: gcc -c -g -O2  conftest.c >&5
configure:17471: $? = 0
configure:17478: result: yes
configure:17486: checking for size_t
configure:17486: gcc -c -g -O2  conftest.c >&5
configure:17486: $? = 0
configure:17486: gcc -c -g -O2  conftest.c >&5
conftest.c: In function 'main':
conftest.c:61:21: error: expected expression before ')' token
 if (sizeof ((size_t)))
                     ^
configure:17486: $? = 1
configure: failed program was:
| /* confdefs.h */
| #define PACKAGE_NAME "FULL-PACKAGE-NAME"
| #define PACKAGE_TARNAME "full-package-name"
| #define PACKAGE_VERSION "VERSION"
| #define PACKAGE_STRING "FULL-PACKAGE-NAME VERSION"
| #define PACKAGE_BUGREPORT "BUG-REPORT-ADDRESS"
| #define PACKAGE_URL ""
| #define STDC_HEADERS 1
| #define HAVE_SYS_TYPES_H 1
| #define HAVE_SYS_STAT_H 1
| #define HAVE_STDLIB_H 1
| #define HAVE_STRING_H 1
| #define HAVE_MEMORY_H 1
| #define HAVE_STRINGS_H 1
| #define HAVE_INTTYPES_H 1
| #define HAVE_STDINT_H 1
| #define HAVE_UNISTD_H 1
| #define HAVE_DLFCN_H 1
| #define LT_OBJDIR ".libs/"
| #define STDC_HEADERS 1
| #define HAVE_STDLIB_H 1
| #define HAVE_STRING_H 1
| #define HAVE_GMP_H 1
| /* end confdefs.h.  */
| #include <stdio.h>
| #ifdef HAVE_SYS_TYPES_H
| # include <sys/types.h>
| #endif
| #ifdef HAVE_SYS_STAT_H
| # include <sys/stat.h>
| #endif
| #ifdef STDC_HEADERS
| # include <stdlib.h>
| # include <stddef.h>
| #else
| # ifdef HAVE_STDLIB_H
| #  include <stdlib.h>
| # endif
| #endif
| #ifdef HAVE_STRING_H
| # if !defined STDC_HEADERS && defined HAVE_MEMORY_H
| #  include <memory.h>
| # endif
| # include <string.h>
| #endif
| #ifdef HAVE_STRINGS_H
| # include <strings.h>
| #endif
| #ifdef HAVE_INTTYPES_H
| # include <inttypes.h>
| #endif
| #ifdef HAVE_STDINT_H
| # include <stdint.h>
| #endif
| #ifdef HAVE_UNISTD_H
| # include <unistd.h>
| #endif
| int
| main ()
| {
| if (sizeof ((size_t)))
| 	    return 0;
|   ;
|   return 0;
| }
configure:17486: result: yes
configure:17501: checking size of char
configure:17506: gcc -o conftest -g -O2   conftest.c  >&5
configure:17506: $? = 0
configure:17506: ./conftest
configure:17506: $? = 0
configure:17520: result: 1
configure:17534: checking size of short int
configure:17539: gcc -o conftest -g -O2   conftest.c  >&5
configure:17539: $? = 0
configure:17539: ./conftest
configure:17539: $? = 0
configure:17553: result: 2
configure:17567: checking size of int
configure:17572: gcc -o conftest -g -O2   conftest.c  >&5
configure:17572: $? = 0
configure:17572: ./conftest
configure:17572: $? = 0
configure:17586: result: 4
configure:17600: checking size of long
configure:17605: gcc -o conftest -g -O2   conftest.c  >&5
configure:17605: $? = 0
configure:17605: ./conftest
configure:17605: $? = 0
configure:17619: result: 8
configure:17633: checking size of long long
configure:17638: gcc -o conftest -g -O2   conftest.c  >&5
configure:17638: $? = 0
configure:17638: ./conftest
configure:17638: $? = 0
configure:17652: result: 8
configure:17668: checking for stdlib.h
configure:17668: result: yes
configure:17678: checking for GNU libc compatible malloc
configure:17702: gcc -o conftest -g -O2   conftest.c  >&5
configure:17702: $? = 0
configure:17702: ./conftest
configure:17702: $? = 0
configure:17712: result: yes
configure:17733: checking for __gmpz_add in -lgmp
configure:17758: gcc -o conftest -g -O2   conftest.c -lgmp   >&5
configure:17758: $? = 0
configure:17767: result: yes
configure:17893: checking that generated files are newer than configure
configure:17899: result: done
configure:17946: creating ./config.status

## ---------------------- ##
## Running config.status. ##
## ---------------------- ##

This file was extended by FULL-PACKAGE-NAME config.status VERSION, which was
generated by GNU Autoconf 2.69.  Invocation command line was

  CONFIG_FILES    = 
  CONFIG_HEADERS  = 
  CONFIG_LINKS    = 
  CONFIG_COMMANDS = 
  $ ./config.status 

on KhandakerMBP.local

config.status:1154: creating Makefile
config.status:1154: creating src/Makefile
config.status:1154: creating config.h
config.status:1335: config.h is unchanged
config.status:1383: executing depfiles commands
config.status:1383: executing libtool commands

## ---------------- ##
## Cache variables. ##
## ---------------- ##

ac_cv_build=x86_64-apple-darwin16.7.0
ac_cv_c_compiler_gnu=yes
ac_cv_c_const=yes
ac_cv_cxx_compiler_gnu=yes
ac_cv_env_CCC_set=
ac_cv_env_CCC_value=
ac_cv_env_CC_set=
ac_cv_env_CC_value=
ac_cv_env_CFLAGS_set=
ac_cv_env_CFLAGS_value=
ac_cv_env_CPPFLAGS_set=
ac_cv_env_CPPFLAGS_value=
ac_cv_env_CPP_set=
ac_cv_env_CPP_value=
ac_cv_env_CXXCPP_set=
ac_cv_env_CXXCPP_value=
ac_cv_env_CXXFLAGS_set=
ac_cv_env_CXXFLAGS_value=
ac_cv_env_CXX_set=
ac_cv_env_CXX_value=
ac_cv_env_LDFLAGS_set=
ac_cv_env_LDFLAGS_value=
ac_cv_env_LIBS_set=
ac_cv_env_LIBS_value=
ac_cv_env_LT_SYS_LIBRARY_PATH_set=
ac_cv_env_LT_SYS_LIBRARY_PATH_value=
ac_cv_env_build_alias_set=
ac_cv_env_build_alias_value=
ac_cv_env_host_alias_set=
ac_cv_env_host_alias_value=
ac_cv_env_target_alias_set=
ac_cv_env_target_alias_value=
ac_cv_func_malloc_0_nonnull=yes
ac_cv_header_dlfcn_h=yes
ac_cv_header_gmp_h=yes
ac_cv_header_inttypes_h=yes
ac_cv_header_memory_h=yes
ac_cv_header_stdc=yes
ac_cv_header_stdint_h=yes
ac_cv_header_stdlib_h=yes
ac_cv_header_string_h=yes
ac_cv_header_strings_h=yes
ac_cv_header_sys_stat_h=yes
ac_cv_header_sys_types_h=yes
ac_cv_header_unistd_h=yes
ac_cv_host=x86_64-apple-darwin16.7.0
ac_cv_lib_gmp___gmpz_add=yes
ac_cv_objext=o
ac_cv_path_EGREP='/usr/bin/grep -E'
ac_cv_path_FGREP='/usr/bin/grep -F'
ac_cv_path_GREP=/usr/bin/grep
ac_cv_path_SED=/usr/bin/sed
ac_cv_path_install='/usr/bin/install -c'
ac_cv_path_lt_DD=/bin/dd
ac_cv_prog_AWK=awk
ac_cv_prog_CPP='gcc -E'
ac_cv_prog_CXXCPP='g++ -E'
ac_cv_prog_ac_ct_AR=ar
ac_cv_prog_ac_ct_CC=gcc
ac_cv_prog_ac_ct_CXX=g++
ac_cv_prog_ac_ct_DSYMUTIL=dsymutil
ac_cv_prog_ac_ct_LIPO=lipo
ac_cv_prog_ac_ct_NMEDIT=nmedit
ac_cv_prog_ac_ct_OBJDUMP=objdump
ac_cv_prog_ac_ct_OTOOL=otool
ac_cv_prog_ac_ct_RANLIB=ranlib
ac_cv_prog_ac_ct_STRIP=strip
ac_cv_prog_cc_c89=
ac_cv_prog_cc_g=yes
ac_cv_prog_cxx_g=yes
ac_cv_prog_make_make_set=yes
ac_cv_sizeof_char=1
ac_cv_sizeof_int=4
ac_cv_sizeof_long=8
ac_cv_sizeof_long_long=8
ac_cv_sizeof_short_int=2
ac_cv_type_size_t=yes
am_cv_CC_dependencies_compiler_type=gcc3
am_cv_CXX_dependencies_compiler_type=gcc3
am_cv_make_support_nested_variables=yes
am_cv_prog_cc_c_o=yes
lt_cv_apple_cc_single_mod=yes
lt_cv_ar_at_file=no
lt_cv_deplibs_check_method=pass_all
lt_cv_file_magic_cmd='$MAGIC_CMD'
lt_cv_file_magic_test_file=
lt_cv_ld_exported_symbols_list=yes
lt_cv_ld_force_load=yes
lt_cv_ld_reload_flag=-r
lt_cv_nm_interface='BSD nm'
lt_cv_objdir=.libs
lt_cv_path_LD=/usr/bin/ld
lt_cv_path_LDCXX=/usr/bin/ld
lt_cv_path_NM='/usr/bin/nm -B'
lt_cv_path_mainfest_tool=no
lt_cv_prog_compiler_c_o=yes
lt_cv_prog_compiler_c_o_CXX=yes
lt_cv_prog_compiler_pic='-fno-common -DPIC'
lt_cv_prog_compiler_pic_CXX='-fno-common -DPIC'
lt_cv_prog_compiler_pic_works=yes
lt_cv_prog_compiler_pic_works_CXX=yes
lt_cv_prog_compiler_rtti_exceptions=no
lt_cv_prog_compiler_static_works=no
lt_cv_prog_compiler_static_works_CXX=no
lt_cv_prog_gnu_ld=no
lt_cv_prog_gnu_ldcxx=no
lt_cv_sharedlib_from_linklib_cmd='printf %s\n'
lt_cv_sys_global_symbol_pipe='sed -n -e '\''s/^.*[	 ]\([BCDEGRST][BCDEGRST]*\)[	 ][	 ]*_\([_A-Za-z][_A-Za-z0-9]*\)$/\1 _\2 \2/p'\'' | sed '\''/ __gnu_lto/d'\'''
lt_cv_sys_global_symbol_to_c_name_address='sed -n -e '\''s/^: \(.*\) .*$/  {"\1", (void *) 0},/p'\'' -e '\''s/^[BCDEGRST][BCDEGRST]* .* \(.*\)$/  {"\1", (void *) \&\1},/p'\'''
lt_cv_sys_global_symbol_to_c_name_address_lib_prefix='sed -n -e '\''s/^: \(.*\) .*$/  {"\1", (void *) 0},/p'\'' -e '\''s/^[BCDEGRST][BCDEGRST]* .* \(lib.*\)$/  {"\1", (void *) \&\1},/p'\'' -e '\''s/^[BCDEGRST][BCDEGRST]* .* \(.*\)$/  {"lib\1", (void *) \&\1},/p'\'''
lt_cv_sys_global_symbol_to_cdecl='sed -n -e '\''s/^T .* \(.*\)$/extern int \1();/p'\'' -e '\''s/^[BCDEGRST][BCDEGRST]* .* \(.*\)$/extern char \1;/p'\'''
lt_cv_sys_global_symbol_to_import=
lt_cv_sys_max_cmd_len=196608
lt_cv_to_host_file_cmd=func_convert_file_noop
lt_cv_to_tool_file_cmd=func_convert_file_noop
lt_cv_truncate_bin='/bin/dd bs=4096 count=1'

## ----------------- ##
## Output variables. ##
## ----------------- ##

ACLOCAL='${SHELL} /Users/khandaker/Development/elips_new_kss16/missing aclocal-1.15'
AMDEPBACKSLASH='\'
AMDEP_FALSE='#'
AMDEP_TRUE=''
AMTAR='$${TAR-tar}'
AM_BACKSLASH='\'
AM_DEFAULT_V='$(AM_DEFAULT_VERBOSITY)'
AM_DEFAULT_VERBOSITY='1'
AM_V='$(V)'
AR='ar'
AUTOCONF='${SHELL} /Users/khandaker/Development/elips_new_kss16/missing autoconf'
AUTOHEADER='${SHELL} /Users/khandaker/Development/elips_new_kss16/missing autoheader'
AUTOMAKE='${SHELL} /Users/khandaker/Development/elips_new_kss16/missing automake-1.15'
AWK='awk'
CC='gcc'
CCDEPMODE='depmode=gcc3'
CFLAGS='-g -O2'
CPP='gcc -E'
CPPFLAGS=''
CXX='g++'
CXXCPP='g++ -E'
CXXDEPMODE='depmode=gcc3'
CXXFLAGS='-g -O2'
CYGPATH_W='echo'
DEFS='-DHAVE_CONFIG_H'
DEPDIR='.deps'
DLLTOOL='false'
DSYMUTIL='dsymutil'
DUMPBIN=''
ECHO_C='\c'
ECHO_N=''
ECHO_T=''
EGREP='/usr/bin/grep -E'
EXEEXT=''
FGREP='/usr/bin/grep -F'
GREP='/usr/bin/grep'
INSTALL_DATA='${INSTALL} -m 644'
INSTALL_PROGRAM='${INSTALL}'
INSTALL_SCRIPT='${INSTALL}'
INSTALL_STRIP_PROGRAM='$(install_sh) -c -s'
LD='/usr/bin/ld'
LDFLAGS=''
LIBOBJS=''
LIBS='-lgmp '
LIBTOOL='$(SHELL) $(top_builddir)/libtool'
LIPO='lipo'
LN_S='ln -s'
LTLIBOBJS=''
LT_SYS_LIBRARY_PATH=''
MAKEINFO='${SHELL} /Users/khandaker/Development/elips_new_kss16/missing makeinfo'
MANIFEST_TOOL=':'
MKDIR_P='./install-sh -c -d'
NM='/usr/bin/nm -B'
NMEDIT='nmedit'
OBJDUMP='objdump'
OBJEXT='o'
OTOOL64=':'
OTOOL='otool'
PACKAGE='full-package-name'
PACKAGE_BUGREPORT='BUG-REPORT-ADDRESS'
PACKAGE_NAME='FULL-PACKAGE-NAME'
PACKAGE_STRING='FULL-PACKAGE-NAME VERSION'
PACKAGE_TARNAME='full-package-name'
PACKAGE_URL=''
PACKAGE_VERSION='VERSION'
PATH_SEPARATOR=':'
RANLIB='ranlib'
SED='/usr/bin/sed'
SET_MAKE=''
SHELL='/bin/sh'
STRIP='strip'
VERSION='VERSION'
ac_ct_AR='ar'
ac_ct_CC='gcc'
ac_ct_CXX='g++'
ac_ct_DUMPBIN=''
am__EXEEXT_FALSE=''
am__EXEEXT_TRUE='#'
am__fastdepCC_FALSE='#'
am__fastdepCC_TRUE=''
am__fastdepCXX_FALSE='#'
am__fastdepCXX_TRUE=''
am__include='include'
am__isrc=''
am__leading_dot='.'
am__nodep='_no'
am__quote=''
am__tar='$${TAR-tar} chof - "$$tardir"'
am__untar='$${TAR-tar} xf -'
bindir='${exec_prefix}/bin'
build='x86_64-apple-darwin16.7.0'
build_alias=''
build_cpu='x86_64'
build_os='darwin16.7.0'
build_vendor='apple'
datadir='${datarootdir}'
datarootdir='${prefix}/share'
docdir='${datarootdir}/doc/${PACKAGE_TARNAME}'
dvidir='${docdir}'
exec_prefix='${prefix}'
host='x86_64-apple-darwin16.7.0'
host_alias=''
host_cpu='x86_64'
host_os='darwin16.7.0'
host_vendor='apple'
htmldir='${docdir}'
includedir='${prefix}/include'
infodir='${datarootdir}/info'
install_sh='${SHELL} /Users/khandaker/Development/elips_new_kss16/install-sh'
libdir='${exec_prefix}/lib'
libexecdir='${exec_prefix}/libexec'
localedir='${datarootdir}/locale'
localstatedir='${prefix}/var'
mandir='${datarootdir}/man'
mkdir_p='$(MKDIR_P)'
oldincludedir='/usr/include'
pdfdir='${docdir}'
prefix='/usr/local'
program_transform_name='s,x,x,'
psdir='${docdir}'
sbindir='${exec_prefix}/sbin'
sharedstatedir='${prefix}/com'
sysconfdir='${prefix}/etc'
target_alias=''

## ----------- ##
## confdefs.h. ##
## ----------- ##

/* confdefs.h */
#define PACKAGE_NAME "FULL-PACKAGE-NAME"
#define PACKAGE_TARNAME "full-package-name"
#define PACKAGE_VERSION "VERSION"
#define PACKAGE_STRING "FULL-PACKAGE-NAME VERSION"
#define PACKAGE_BUGREPORT "BUG-REPORT-ADDRESS"
#define PACKAGE_URL ""
#define STDC_HEADERS 1
#define HAVE_SYS_TYPES_H 1
#define HAVE_SYS_STAT_H 1
#define HAVE_STDLIB_H 1
#define HAVE_STRING_H 1
#define HAVE_MEMORY_H 1
#define HAVE_STRINGS_H 1
#define HAVE_INTTYPES_H 1
#define HAVE_STDINT_H 1
#define HAVE_UNISTD_H 1
#define HAVE_DLFCN_H 1
#define LT_OBJDIR ".libs/"
#define STDC_HEADERS 1
#define HAVE_STDLIB_H 1
#define HAVE_STRING_H 1
#define HAVE_GMP_H 1
#define SIZEOF_CHAR 1
#define SIZEOF_SHORT_INT 2
#define SIZEOF_INT 4
#define SIZEOF_LONG 8
#define SIZEOF_LONG_LONG 8
#define HAVE_STDLIB_H 1
#define HAVE_MALLOC 1
#define HAVE_LIBGMP 1

configure: exit 0
